<?xml version="1.0" encoding="UTF-8"?>
<!-- Generated by org.testng.reporters.JUnitXMLReporter -->
<testsuite hostname="DESKTOP-3J7R858" ignored="0" name="Test" tests="5" failures="0" timestamp="2022-06-18T14:37:34 IST" time="66.579" errors="0">
  <testcase name="fourTest" time="12.853" classname="tests.FourTest"/>
  <testcase name="twoTest" time="10.96" classname="tests.TwoTest"/>
  <testcase name="threeTest" time="10.768" classname="tests.ThreeTest"/>
  <testcase name="login" time="1.77" classname="tests.LoginTest"/>
  <testcase name="login" time="11.363" classname="tests.LoginTest"/>
</testsuite> <!-- Test -->
