<?xml version="1.0" encoding="UTF-8"?>
<!-- Generated by org.testng.reporters.JUnitXMLReporter -->
<testsuite hostname="DESKTOP-3J7R858" ignored="0" name="Test" tests="5" failures="0" timestamp="2022-06-18T12:22:08 IST" time="43.962" errors="0">
  <testcase name="fourTest" time="0.006" classname="tests.FourTest"/>
  <testcase name="twoTest" time="0.001" classname="tests.TwoTest"/>
  <testcase name="threeTest" time="0.001" classname="tests.ThreeTest"/>
  <testcase name="login" time="2.535" classname="tests.LoginTest"/>
  <testcase name="login" time="12.585" classname="tests.LoginTest"/>
</testsuite> <!-- Test -->
