<?xml version="1.0" encoding="UTF-8"?>
<testsuite xmlns:xsi="http://www.w3.org/2001/XMLSchema-instance" xsi:noNamespaceSchemaLocation="https://maven.apache.org/surefire/maven-surefire-plugin/xsd/surefire-test-report-3.0.xsd" version="3.0" name="TestSuite" time="135.92" tests="4" errors="0" skipped="0" failures="0">
  <properties>
[...]
</properties>
  <testcase name="fourTest" classname="tests.FourTest" time="2.529">
    <system-out><![CDATA[Inside test four
inside test Two
Inside test three
]]></system-out>
    <system-err><![CDATA[SLF4J: Failed to load class "org.slf4j.impl.StaticLoggerBinder".
SLF4J: Defaulting to no-operation (NOP) logger implementation
SLF4J: See http://www.slf4j.org/codes.html#StaticLoggerBinder for further details.
1655878633840	geckodriver	INFO	Listening on 127.0.0.1:4389
1655878633846	geckodr1655i8v7e86r3	3IN8F5O0		Lgiesctkeonidnrigv eorn	 I12N7F.O0	.L0i.s1t:e3n4i6n2g9 o
n 127.0.0.1:27521
1655878633855	geckodriver	INFO	Listening on 127.0.0.1:32755
16558718665354687648	63mo4z6r6u4n	nmeozrr::unrunennre:r:r	uInNFnOer		RuInNFnOin	Rgu ncnominmga ncd:om m"Can:d\:\ P"rCog:\r\amPr Fogirleas\m\ FMiolzeisl\l\Mao zFiirllefa oxF\i\rfefiorxe\fo\xf.ireexfoex". e"x-e-" 1m6"a-5r5-im8o7an8re6i3t4to6en6e" t7t"	e-mn"oo z-"r-runenon-mreoertm:eo:"rt "ue-"pn nreo"-r	fpIiNrloFef"O	i lR"eCu":nn\ i\nU"gsC e:rc\\soU\ms\NemCraPs\n\d\\:ANp Cp"PDC\a:\\tAa\p\Pp\rDoLagotrcaaa\lm\\ LF\oiTcleaemlsp\\\\\\TrMeoumzspit\l_\lmaorz upFsritro_efmfioolzxe\pyry\oCfifiiyr6lee"fJ
ouxG.87e5x"e
" "--marionette" "-no-remote" "-profile" "C:\\Users\\NCP\\AppData\\Local\\Temp\\rust_mozprofile9ic1sQ"
1655878634674	mozrunner::runner	INFO	Running command: "C:\\Program Files\\Mozilla Firefox\\firefox.exe" "--marionette" "-no-remote" "-profile" "C:\\Users\\NCP\\AppData\\Local\\Temp\\rust_mozprofileBOR6ze"
1655878635882	Marionette	INFO	Marionette enabled
1655878635900	Marionette	INFO	Marionette enabled
1655878635935	Marionette	INFO	Marionette enabled
1655878636299	Marionette	INFO	Marionette enabled
JavaScript error: chrome://browser/content/tabbrowser.js, line 5318: TypeError: this.PictureInPicture is undefined
console.warn: SearchSettings: "get: No settings file exists, new profile?" (new NotFoundError("Could not open the file at C:\\Users\\NCP\\AppData\\Local\\Temp\\rust_mozprofileyyCiy6\\search.json.mozlz4", (void 0)))
JavaScript error: resource:///modules/CustomizableUI.jsm, line 4103: Error: Area not yet restored
console.warn: SearchSettings: "get: No settings file exists, new profile?" (new NotFoundError("Could not open the file at C:\\Users\\NCP\\AppData\\Local\\Temp\\rust_mozprofileBOR6ze\\search.json.mozlz4", (void 0)))
console.warn: SearchSettings: "get: No settings file exists, new profile?" (new NotFoundError("Could not open the file at C:\\Users\\NCP\\AppData\\Local\\Temp\\rust_mozprofileJuG875\\search.json.mozlz4", (void 0)))
console.warn: SearchSettings: "get: No settings file exists, new profile?" (new NotFoundError("Could not open the file at C:\\Users\\NCP\\AppData\\Local\\Temp\\rust_mozprofile9ic1sQ\\search.json.mozlz4", (void 0)))
1655878649822	Marionette	INFO	Listening on port 61442
Read port: 61442
1655878650072	RemoteAgent	WARN	TLS certificate errors will be ignored for this session
1655878650118	Marionette	INFO	Listening on port 61446
Jun 22, 2022 11:47:30 AM org.openqa.selenium.remote.ProtocolHandshake createSession
INFO: Detected dialect: W3C
Read port: 61446
1655878650375	RemoteAgent	WARN	TLS certificate errors will be ignored for this session
Jun 22, 2022 11:47:30 AM org.openqa.selenium.remote.ProtocolHandshake createSession
INFO: Detected dialect: W3C
1655878650902	Marionette	INFO	Listening on port 61469
Read port: 61469
1655878651123	RemoteAgent	WARN	TLS certificate errors will be ignored for this session
Jun 22, 2022 11:47:31 AM org.openqa.selenium.remote.ProtocolHandshake createSession
INFO: Detected dialect: W3C
]]></system-err>
  </testcase>
  <testcase name="login[arun.selenium@gmail.com, Second@123, Successful](1)" classname="tests.LoginTest" time="5.956">
    <system-err><![CDATA[1655878662422	Marionette	INFO	Stopped listening on port 61469
JavaScript error: resource://gre/modules/UrlClassifierListManager.jsm, line 694: TypeError: this.tablesData[table] is undefined
console.warn: LoginRecipes: "getRecipes: falling back to a synchronous message for:" "http://tutorialsninja.com"
console.warn: LoginRecipes: "getRecipes: falling back to a synchronous message for:" "http://tutorialsninja.com"
console.warn: LoginRecipes: "getRecipes: falling back to a synchronous message for:" "http://tutorialsninja.com"
JavaScript error: resource://gre/modules/LoginManagerParent.jsm, line 136: TypeError: gRecipeManager is null
console.log: "RemoteSettingsWorker error: Error: Can't import when we've started shutting down."
JavaScript error: resource://gre/modules/AsyncShutdown.jsm, line 718: Error: Phase "profile-before-change" is finished, it is too late to register completion condition "DoHController: clear state and remove observers"
]]></system-err>
  </testcase>
  <testcase name="login[dummy@test, dummy@123, Failure](2)" classname="tests.LoginTest" time="11.804">
    <system-err><![CDATA[1655878670071	geckodriver	INFO	Listening on 127.0.0.1:19952
1655878670538	mozrunner::runner	INFO	Running command: "C:\\Program Files\\Mozilla Firefox\\firefox.exe" "--marionette" "-no-remote" "-profile" "C:\\Users\\NCP\\AppData\\Local\\Temp\\rust_mozprofileB7xT7R"
1655878671156	Marionette	INFO	Marionette enabled
console.warn: SearchSettings: "get: No settings file exists, new profile?" (new NotFoundError("Could not open the file at C:\\Users\\NCP\\AppData\\Local\\Temp\\rust_mozprofileB7xT7R\\search.json.mozlz4", (void 0)))
1655878676018	Marionette	INFO	Listening on port 61598
Read port: 61598
1655878676125	RemoteAgent	WARN	TLS certificate errors will be ignored for this session
Jun 22, 2022 11:47:56 AM org.openqa.selenium.remote.ProtocolHandshake createSession
INFO: Detected dialect: W3C
console.warn: LoginRecipes: "getRecipes: falling back to a synchronous message for:" "http://tutorialsninja.com"
console.warn: LoginRecipes: "getRecipes: falling back to a synchronous message for:" "http://tutorialsninja.com"
console.warn: LoginRecipes: "getRecipes: falling back to a synchronous message for:" "http://tutorialsninja.com"
JavaScript error: resource://gre/modules/LoginManagerParent.jsm, line 136: TypeError: gRecipeManager is null
]]></system-err>
  </testcase>
  <testcase name="twoTest" classname="tests.TwoTest" time="9.211">
    <system-err><![CDATA[1655878665423	Marionette	INFO	Stopped listening on port 61446
JavaScript error: resource://gre/modules/UrlClassifierListManager.jsm, line 694: TypeError: this.tablesData[table] is undefined
JavaScript error: resource://gre/modules/PromiseWorker.jsm, line 106: Error: IOUtils: Shutting down and refusing additional I/O tasks
JavaScript error: resource://gre/modules/Sqlite.jsm, line 996: Error: Connection is not open.
[Parent 8716, IPC I/O Parent] WARNING: pipe error: 232: file /builds/worker/checkouts/gecko/ipc/chromium/src/chrome/common/ipc_channel_win.cc:554
]]></system-err>
  </testcase>
</testsuite>